<?xml version="1.0" encoding="UTF-8"?>
<!-- Generated by org.testng.reporters.JUnitReportReporter -->
<testsuite skipped="0" hostname="bittechs-imac-3.lan" name="com.bit.test.ParallelExecution" tests="2" failures="0" timestamp="12 May 2019 18:00:31 GMT" time="7.517" errors="0">
  <testcase name="test2" time="3.609" classname="com.bit.test.ParallelExecution"/>
  <testcase name="test1" time="3.908" classname="com.bit.test.ParallelExecution"/>
</testsuite> <!-- com.bit.test.ParallelExecution -->
