<?xml version="1.0" encoding="UTF-8"?>
<!-- Generated by org.testng.reporters.JUnitReportReporter -->
<testsuite skipped="0" hostname="bittechs-imac-3.lan" name="com.bit.test.UnitTest" tests="1" failures="0" timestamp="12 May 2019 18:12:54 GMT" time="7.196" errors="0">
  <testcase name="test1" time="7.196" classname="com.bit.test.UnitTest"/>
</testsuite> <!-- com.bit.test.UnitTest -->
