<?xml version="1.0" encoding="UTF-8"?>
<!-- Generated by org.testng.reporters.JUnitReportReporter -->
<testsuite skipped="0" hostname="bittechs-imac-3.lan" name="com.bit.dr.ReadData" tests="2" failures="0" timestamp="12 May 2019 16:48:12 GMT" time="0.008" errors="0">
  <testcase name="test1" time="0.007" classname="com.bit.dr.ReadData"/>
  <testcase name="test1" time="0.001" classname="com.bit.dr.ReadData"/>
</testsuite> <!-- com.bit.dr.ReadData -->
