<?xml version="1.0" encoding="UTF-8"?>
<!-- Generated by org.testng.reporters.JUnitReportReporter -->
<testsuite skipped="0" hostname="bittechs-imac-3.lan" name="com.bit.test.ParamTest" tests="1" failures="0" timestamp="12 May 2019 18:12:54 GMT" time="3.190" errors="0">
  <testcase name="test3" time="3.190" classname="com.bit.test.ParamTest"/>
</testsuite> <!-- com.bit.test.ParamTest -->
