<?xml version="1.0" encoding="UTF-8"?>
<!-- Generated by org.testng.reporters.JUnitReportReporter -->
<testsuite skipped="0" hostname="bittechs-imac-3.lan" name="com.bit.test.LogTest" tests="1" failures="0" timestamp="22 May 2019 20:55:06 GMT" time="0.075" errors="0">
  <testcase name="test1" time="0.075" classname="com.bit.test.LogTest"/>
</testsuite> <!-- com.bit.test.LogTest -->
