<?xml version="1.0" encoding="UTF-8"?>
<!-- Generated by org.testng.reporters.JUnitReportReporter -->
<testsuite skipped="0" hostname="bittechs-imac-3.lan" name="com.bit.test.SomeTest" tests="2" failures="0" timestamp="12 May 2019 17:48:59 GMT" time="0.010" errors="0">
  <testcase name="f" time="0.009" classname="com.bit.test.SomeTest"/>
  <testcase name="f3" time="0.001" classname="com.bit.test.SomeTest"/>
</testsuite> <!-- com.bit.test.SomeTest -->
